\BOOKMARK [0][-]{chapter.1}{\376\377\000C\004\076\004\067\004\064\004\060\004\075\004\070\004\065\000\040\004\077\004\100\004\076\004\065\004\072\004\102\004\060\000\040\004\062\000\040\004\101\004\100\004\065\004\064\004\065\000\040\000M\000S\000\040\000V\000i\000s\000u\000a\000l\000\040\000S\000t\000u\000d\000i\000o\000\040\004\101\000\040\004\077\004\076\004\064\004\064\004\065\004\100\004\066\004\072\004\076\004\071\000\040\000O\000p\000e\000n\000M\000P}{}% 1
\BOOKMARK [0][-]{chapter.2}{\376\377\004\034\004\075\004\076\004\063\004\076\004\077\004\076\004\102\004\076\004\107\004\075\004\060\004\117\000\040\004\077\004\100\004\076\004\063\004\100\004\060\004\074\004\074\004\060\000\040\000\253\000H\000e\000l\000l\000o\000\040\000W\000o\000r\000l\000d\000!\000\273}{}% 2
\BOOKMARK [1][-]{section.2.1}{\376\377\004\022\004\105\004\076\004\064\004\075\004\113\004\065\000\040\004\064\004\060\004\075\004\075\004\113\004\065}{chapter.2}% 3
\BOOKMARK [1][-]{section.2.2}{\376\377\004\022\004\113\004\105\004\076\004\064\004\075\004\113\004\065\000\040\004\064\004\060\004\075\004\075\004\113\004\065}{chapter.2}% 4
\BOOKMARK [1][-]{section.2.3}{\376\377\004\037\004\100\004\070\004\074\004\065\004\100\000\040\004\062\004\105\004\076\004\064\004\075\004\113\004\105\000\040\004\070\000\040\004\062\004\113\004\105\004\076\004\064\004\075\004\113\004\105\000\040\004\064\004\060\004\075\004\075\004\113\004\105}{chapter.2}% 5
\BOOKMARK [1][-]{section.2.4}{\376\377\004\030\004\101\004\105\004\076\004\064\004\075\004\113\004\071\000\040\004\072\004\076\004\064\000\040\004\077\004\100\004\076\004\063\004\100\004\060\004\074\004\074\004\113}{chapter.2}% 6
\BOOKMARK [1][-]{section.2.5}{\376\377\004\040\004\065\004\067\004\103\004\073\004\114\004\102\004\060\004\102\000\040\004\062\004\113\004\077\004\076\004\073\004\075\004\065\004\075\004\070\004\117\000\040\004\077\004\100\004\076\004\063\004\100\004\060\004\074\004\074\004\113}{chapter.2}% 7
\BOOKMARK [0][-]{chapter.3}{\376\377\004\037\004\100\004\076\004\063\004\100\004\060\004\074\004\074\004\060\000\040\000\253\000I\000\040\000a\000m\000!\000\273}{}% 8
\BOOKMARK [1][-]{section.3.1}{\376\377\004\022\004\105\004\076\004\064\004\075\004\113\004\065\000\040\004\064\004\060\004\075\004\075\004\113\004\065}{chapter.3}% 9
\BOOKMARK [1][-]{section.3.2}{\376\377\004\022\004\113\004\105\004\076\004\064\004\075\004\113\004\065\000\040\004\064\004\060\004\075\004\075\004\113\004\065}{chapter.3}% 10
\BOOKMARK [1][-]{section.3.3}{\376\377\004\037\004\100\004\070\004\074\004\065\004\100\000\040\004\062\004\105\004\076\004\064\004\075\004\113\004\105\000\040\004\070\000\040\004\062\004\113\004\105\004\076\004\064\004\075\004\113\004\105\000\040\004\064\004\060\004\075\004\075\004\113\004\105}{chapter.3}% 11
\BOOKMARK [1][-]{section.3.4}{\376\377\004\030\004\101\004\105\004\076\004\064\004\075\004\113\004\071\000\040\004\072\004\076\004\064\000\040\004\077\004\100\004\076\004\063\004\100\004\060\004\074\004\074\004\113}{chapter.3}% 12
\BOOKMARK [1][-]{section.3.5}{\376\377\004\040\004\065\004\067\004\103\004\073\004\114\004\102\004\060\004\102\000\040\004\062\004\113\004\077\004\076\004\073\004\075\004\065\004\075\004\070\004\117\000\040\004\077\004\100\004\076\004\063\004\100\004\060\004\074\004\074\004\113}{chapter.3}% 13
\BOOKMARK [1][-]{section.3.6}{\376\377\004\034\004\076\004\064\004\070\004\104\004\070\004\106\004\070\004\100\004\076\004\062\004\060\004\075\004\075\004\060\004\117\000\040\004\077\004\100\004\076\004\063\004\100\004\060\004\074\004\074\004\060\000\040\004\064\004\073\004\117\000\040\004\062\004\113\004\062\004\076\004\064\004\060\000\040\004\102\004\076\004\073\004\114\004\072\004\076\000\040\004\107\004\065\004\102\004\075\004\113\004\105\000\040\004\075\004\070\004\102\004\065\004\071}{chapter.3}% 14
\BOOKMARK [1][-]{section.3.7}{\376\377\004\040\004\065\004\067\004\103\004\073\004\114\004\102\004\060\004\102\000\040\004\062\004\113\004\077\004\076\004\073\004\075\004\065\004\075\004\070\004\117\000\040\004\074\004\076\004\064\004\070\004\104\004\070\004\106\004\070\004\100\004\076\004\062\004\060\004\075\004\075\004\076\004\071\000\040\004\077\004\100\004\076\004\063\004\100\004\060\004\074\004\074\004\113}{chapter.3}% 15
\BOOKMARK [0][-]{chapter.4}{\376\377\004\036\004\061\004\111\004\070\004\065\000\040\004\070\000\040\004\107\004\060\004\101\004\102\004\075\004\113\004\065\000\040\004\077\004\065\004\100\004\065\004\074\004\065\004\075\004\075\004\113\004\065\000\040\004\062\000\040\000O\000p\000e\000n\000M\000P\000:\000\040\004\077\004\100\004\076\004\063\004\100\004\060\004\074\004\074\004\060\000\040\000\253\004\041\004\072\004\100\004\113\004\102\004\060\004\117\000\040\004\076\004\110\004\070\004\061\004\072\004\060\000\273}{}% 16
\BOOKMARK [1][-]{section.4.1}{\376\377\004\022\004\105\004\076\004\064\004\075\004\113\004\065\000\040\004\064\004\060\004\075\004\075\004\113\004\065}{chapter.4}% 17
\BOOKMARK [1][-]{section.4.2}{\376\377\004\022\004\113\004\105\004\076\004\064\004\075\004\113\004\065\000\040\004\064\004\060\004\075\004\075\004\113\004\065}{chapter.4}% 18
\BOOKMARK [1][-]{section.4.3}{\376\377\004\037\004\100\004\070\004\074\004\065\004\100\000\040\004\062\004\105\004\076\004\064\004\075\004\113\004\105\000\040\004\070\000\040\004\062\004\113\004\105\004\076\004\064\004\075\004\113\004\105\000\040\004\064\004\060\004\075\004\075\004\113\004\105}{chapter.4}% 19
\BOOKMARK [1][-]{section.4.4}{\376\377\004\022\004\113\004\077\004\076\004\073\004\075\004\065\004\075\004\070\004\065\000\040\004\100\004\060\004\061\004\076\004\102\004\113}{chapter.4}% 20
\BOOKMARK [1][-]{section.4.5}{\376\377\004\036\004\077\004\100\004\065\004\064\004\065\004\073\004\065\004\075\004\070\004\065\000\040\004\077\004\065\004\100\004\065\004\074\004\065\004\075\004\075\004\076\004\071\000\040\000r\000a\000n\000k\000\040\004\072\004\060\004\072\000\040\004\076\004\061\004\111\004\065\004\071}{chapter.4}% 21
\BOOKMARK [1][-]{section.4.6}{\376\377\004\024\004\076\004\061\004\060\004\062\004\073\004\065\004\075\004\070\004\065\000\040\004\067\004\060\004\064\004\065\004\100\004\066\004\072\004\070\000\040\000\050\004\070\004\074\004\070\004\102\004\060\004\106\004\070\004\070\000\040\004\064\004\073\004\070\004\102\004\065\004\073\004\114\004\075\004\113\004\105\000\040\004\062\004\113\004\107\004\070\004\101\004\073\004\065\004\075\004\070\004\071\000\051}{chapter.4}% 22
\BOOKMARK [1][-]{section.4.7}{\376\377\004\037\004\065\004\100\004\065\004\076\004\077\004\100\004\065\004\064\004\065\004\073\004\065\004\075\004\070\004\065\000\040\004\077\004\065\004\100\004\065\004\074\004\065\004\075\004\075\004\076\004\071\000\040\000r\000a\000n\000k\000\040\004\072\004\060\004\072\000\040\004\107\004\060\004\101\004\102\004\075\004\076\004\071}{chapter.4}% 23
\BOOKMARK [1][-]{section.4.8}{\376\377\004\040\004\065\004\067\004\103\004\073\004\114\004\102\004\060\004\102\000\040\004\100\004\060\004\061\004\076\004\102\004\113\000\040\004\077\004\100\004\076\004\063\004\100\004\060\004\074\004\074\004\113}{chapter.4}% 24
\BOOKMARK [0][-]{chapter.5}{\376\377\004\036\004\061\004\111\004\070\004\065\000\040\004\070\000\040\004\107\004\060\004\101\004\102\004\075\004\113\004\065\000\040\004\077\004\065\004\100\004\065\004\074\004\065\004\075\004\075\004\113\004\065\000\040\004\062\000\040\000O\000p\000e\000n\000M\000P\000:\000\040\004\077\004\100\004\076\004\063\004\100\004\060\004\074\004\074\004\060\000\040\000r\000e\000d\000u\000c\000t\000i\000o\000n}{}% 25
\BOOKMARK [1][-]{section.5.1}{\376\377\004\022\004\105\004\076\004\064\004\075\004\113\004\065\000\040\004\064\004\060\004\075\004\075\004\113\004\065}{chapter.5}% 26
\BOOKMARK [1][-]{section.5.2}{\376\377\004\022\004\113\004\105\004\076\004\064\004\075\004\113\004\065\000\040\004\064\004\060\004\075\004\075\004\113\004\065}{chapter.5}% 27
\BOOKMARK [1][-]{section.5.3}{\376\377\004\037\004\100\004\070\004\074\004\065\004\100\000\040\004\062\004\105\004\076\004\064\004\075\004\113\004\105\000\040\004\070\000\040\004\062\004\113\004\105\004\076\004\064\004\075\004\113\004\105\000\040\004\064\004\060\004\075\004\075\004\113\004\105}{chapter.5}% 28
\BOOKMARK [1][-]{section.5.4}{\376\377\004\022\004\113\004\077\004\076\004\073\004\075\004\065\004\075\004\070\004\065\000\040\004\100\004\060\004\061\004\076\004\102\004\113}{chapter.5}% 29
\BOOKMARK [1][-]{section.5.5}{\376\377\004\040\004\065\004\067\004\103\004\073\004\114\004\102\004\060\004\102\000\040\004\062\004\113\004\077\004\076\004\073\004\075\004\065\004\075\004\070\004\117\000\040\004\077\004\100\004\076\004\063\004\100\004\060\004\074\004\074\004\113}{chapter.5}% 30
\BOOKMARK [0][-]{chapter.6}{\376\377\004\040\004\060\004\101\004\077\004\060\004\100\004\060\004\073\004\073\004\065\004\073\004\070\004\062\004\060\004\075\004\070\004\065\000\040\004\106\004\070\004\072\004\073\004\076\004\062\000\040\004\062\000\040\000O\000p\000e\000n\000M\000P\000:\000\040\004\077\004\100\004\076\004\063\004\100\004\060\004\074\004\074\004\060\000\040\000\253\004\041\004\103\004\074\004\074\004\060\000\040\004\107\004\070\004\101\004\065\004\073\000\273}{}% 31
\BOOKMARK [1][-]{section.6.1}{\376\377\004\022\004\105\004\076\004\064\004\075\004\113\004\065\000\040\004\064\004\060\004\075\004\075\004\113\004\065}{chapter.6}% 32
\BOOKMARK [1][-]{section.6.2}{\376\377\004\022\004\113\004\105\004\076\004\064\004\075\004\113\004\065\000\040\004\064\004\060\004\075\004\075\004\113\004\065}{chapter.6}% 33
\BOOKMARK [1][-]{section.6.3}{\376\377\004\037\004\100\004\070\004\074\004\065\004\100\000\040\004\062\004\105\004\076\004\064\004\075\004\113\004\105\000\040\004\070\000\040\004\062\004\113\004\105\004\076\004\064\004\075\004\113\004\105\000\040\004\064\004\060\004\075\004\075\004\113\004\105}{chapter.6}% 34
\BOOKMARK [1][-]{section.6.4}{\376\377\004\022\004\113\004\077\004\076\004\073\004\075\004\065\004\075\004\070\004\065\000\040\004\100\004\060\004\061\004\076\004\102\004\113}{chapter.6}% 35
\BOOKMARK [1][-]{section.6.5}{\376\377\004\040\004\065\004\067\004\103\004\073\004\114\004\102\004\060\004\102\000\040\004\062\004\113\004\077\004\076\004\073\004\075\004\065\004\075\004\070\004\117\000\040\004\077\004\100\004\076\004\063\004\100\004\060\004\074\004\074\004\113}{chapter.6}% 36
\BOOKMARK [0][-]{chapter.7}{\376\377\004\040\004\060\004\101\004\077\004\060\004\100\004\060\004\073\004\073\004\065\004\073\004\070\004\062\004\060\004\075\004\070\004\065\000\040\004\106\004\070\004\072\004\073\004\076\004\062\000\040\004\062\000\040\000O\000p\000e\000n\000M\000P\000:\000\040\004\077\004\060\004\100\004\060\004\074\004\065\004\102\004\100\000\040\000s\000c\000h\000e\000d\000u\000l\000e}{}% 37
\BOOKMARK [1][-]{section.7.1}{\376\377\004\022\004\113\004\077\004\076\004\073\004\075\004\065\004\075\004\070\004\065\000\040\004\100\004\060\004\061\004\076\004\102\004\113}{chapter.7}% 38
\BOOKMARK [1][-]{section.7.2}{\376\377\004\040\004\065\004\067\004\103\004\073\004\114\004\102\004\060\004\102\000\040\004\062\004\113\004\077\004\076\004\073\004\075\004\065\004\075\004\070\004\117\000\040\004\077\004\100\004\076\004\063\004\100\004\060\004\074\004\074\004\113}{chapter.7}% 39
\BOOKMARK [0][-]{chapter.8}{\376\377\004\040\004\060\004\101\004\077\004\060\004\100\004\060\004\073\004\073\004\065\004\073\004\070\004\062\004\060\004\075\004\070\004\065\000\040\004\106\004\070\004\072\004\073\004\076\004\062\000\040\004\062\000\040\000O\000p\000e\000n\000M\000P\000:\000\040\004\077\004\100\004\076\004\063\004\100\004\060\004\074\004\074\004\060\000\040\000\253\004\047\004\070\004\101\004\073\004\076\000\040\000\273}{}% 40
\BOOKMARK [1][-]{section.8.1}{\376\377\004\022\004\113\004\077\004\076\004\073\004\075\004\065\004\075\004\070\004\065\000\040\004\100\004\060\004\061\004\076\004\102\004\113}{chapter.8}% 41
\BOOKMARK [1][-]{section.8.2}{\376\377\004\040\004\065\004\067\004\103\004\073\004\114\004\102\004\060\004\102\000\040\004\062\004\113\004\077\004\076\004\073\004\075\004\065\004\075\004\070\004\117\000\040\004\077\004\100\004\076\004\063\004\100\004\060\004\074\004\074\004\113}{chapter.8}% 42
\BOOKMARK [0][-]{chapter.9}{\376\377\004\040\004\060\004\101\004\077\004\060\004\100\004\060\004\073\004\073\004\065\004\073\004\070\004\062\004\060\004\075\004\070\004\065\000\040\004\106\004\070\004\072\004\073\004\076\004\062\000\040\004\062\000\040\000O\000p\000e\000n\000M\000P\000:\000\040\004\077\004\100\004\076\004\063\004\100\004\060\004\074\004\074\004\060\000\040\000\253\004\034\004\060\004\102\004\100\004\070\004\106\004\060\000\273}{}% 43
\BOOKMARK [1][-]{section.9.1}{\376\377\004\022\004\105\004\076\004\064\004\075\004\113\004\065\000\040\004\064\004\060\004\075\004\075\004\113\004\065}{chapter.9}% 44
\BOOKMARK [1][-]{section.9.2}{\376\377\004\022\004\113\004\105\004\076\004\064\004\075\004\113\004\065\000\040\004\064\004\060\004\075\004\075\004\113\004\065}{chapter.9}% 45
\BOOKMARK [1][-]{section.9.3}{\376\377\004\022\004\113\004\077\004\076\004\073\004\075\004\065\004\075\004\070\004\065\000\040\004\067\004\060\004\064\004\060\004\075\004\070\004\117}{chapter.9}% 46
\BOOKMARK [1][-]{section.9.4}{\376\377\004\040\004\065\004\067\004\103\004\073\004\114\004\102\004\060\004\102\000\040\004\062\004\113\004\077\004\076\004\073\004\075\004\065\004\075\004\070\004\117\000\040\004\077\004\100\004\076\004\063\004\100\004\060\004\074\004\074\004\113}{chapter.9}% 47
\BOOKMARK [0][-]{chapter.10}{\376\377\004\037\004\060\004\100\004\060\004\073\004\073\004\065\004\073\004\114\004\075\004\113\004\065\000\040\004\101\004\065\004\072\004\106\004\070\004\070\000\040\004\062\000\040\000O\000p\000e\000n\000M\000P\000:\000\040\004\077\004\100\004\076\004\063\004\100\004\060\004\074\004\074\004\060\000\040\000\253\000I\000'\000m\000\040\000h\000e\000r\000e\000!\000\273}{}% 48
\BOOKMARK [1][-]{section.10.1}{\376\377\004\022\004\113\004\077\004\076\004\073\004\075\004\065\004\075\004\070\004\065\000\040\004\067\004\060\004\064\004\060\004\075\004\070\004\117}{chapter.10}% 49
\BOOKMARK [1][-]{section.10.2}{\376\377\004\040\004\065\004\067\004\103\004\073\004\114\004\102\004\060\004\102\000\040\004\062\004\113\004\077\004\076\004\073\004\075\004\065\004\075\004\070\004\117\000\040\004\077\004\100\004\076\004\063\004\100\004\060\004\074\004\074\004\113\000\040\004\064\004\073\004\117\000\040\0003\000,\000\040\0002\000\040\004\070\000\040\0004\000\040\004\077\004\060\004\100\004\060\004\073\004\073\004\065\004\073\004\114\004\075\004\113\004\105\000\040\004\101\004\065\004\072\004\106\004\070\004\071}{chapter.10}% 50
\BOOKMARK [0][-]{chapter.11}{\376\377\004\030\004\101\004\101\004\073\004\065\004\064\004\076\004\062\004\060\004\075\004\070\004\065\000\040\004\074\004\060\004\101\004\110\004\102\004\060\004\061\004\070\004\100\004\103\004\065\004\074\004\076\004\101\004\102\004\070\000\040\000O\000p\000e\000n\000M\000P\000-\004\077\004\100\004\076\004\063\004\100\004\060\004\074\004\074}{}% 51
\BOOKMARK [1][-]{section.11.1}{\376\377\004\037\004\100\004\076\004\063\004\100\004\060\004\074\004\074\004\060\000\040\000\253\004\034\004\060\004\102\004\100\004\070\004\106\004\060\000\273}{chapter.11}% 52
\BOOKMARK [2][-]{subsection.11.1.1}{\376\377\004\034\004\076\004\064\004\070\004\104\004\070\004\072\004\060\004\106\004\070\004\117\000\040\004\077\004\100\004\076\004\063\004\100\004\060\004\074\004\074\004\113\000\040\000\253\004\034\004\060\004\102\004\100\004\070\004\106\004\060\000\273}{section.11.1}% 53
\BOOKMARK [2][-]{subsection.11.1.2}{\376\377\004\040\004\065\004\067\004\103\004\073\004\114\004\102\004\060\004\102\000\040\004\064\004\073\004\117\000\040\004\077\004\100\004\076\004\063\004\100\004\060\004\074\004\074\004\113\000\040\000\253\004\034\004\060\004\102\004\100\004\070\004\106\004\060\000\273}{section.11.1}% 54
\BOOKMARK [2][-]{subsection.11.1.3}{\376\377\004\022\004\113\004\107\004\070\004\101\004\073\004\065\004\075\004\070\004\065\000\040\004\103\004\101\004\072\004\076\004\100\004\065\004\075\004\070\004\117}{section.11.1}% 55
\BOOKMARK [1][-]{section.11.2}{\376\377\004\037\004\100\004\076\004\063\004\100\004\060\004\074\004\074\004\060\000\040\000\253\004\047\004\070\004\101\004\073\004\076\000\040\004\077\004\070\000\273}{chapter.11}% 56
\BOOKMARK [2][-]{subsection.11.2.1}{\376\377\004\034\004\076\004\064\004\070\004\104\004\070\004\072\004\060\004\106\004\070\004\117\000\040\004\077\004\100\004\076\004\063\004\100\004\060\004\074\004\074\004\113\000\040\000\253\004\047\004\070\004\101\004\073\004\076\000\040\004\077\004\070\000\273}{section.11.2}% 57
\BOOKMARK [2][-]{subsection.11.2.2}{\376\377\004\040\004\065\004\067\004\103\004\073\004\114\004\102\004\060\004\102\000\040\004\064\004\073\004\117\000\040\004\077\004\100\004\076\004\063\004\100\004\060\004\074\004\074\004\113\000\040\000\253\004\037\004\070\000\273}{section.11.2}% 58
